<?xml version="1.0" encoding="UTF-8"?>
<!-- Generated by org.testng.reporters.JUnitReportReporter -->
<testsuite hostname="DESKTOP-6SDKDLL" failures="0" tests="2" name="qa.tests.Testcases1" time="27.514" errors="0" timestamp="2024-08-24T20:57:54 IST" skipped="0">
  <testcase classname="qa.tests.Testcases1" name="sampleMethodForEnteringCredentials" time="13.956"/>
  <system-out/>
  <testcase classname="qa.tests.Testcases1" name="sampleMethodForEnteringCredentials" time="13.558"/>
  <system-out/>
</testsuite> <!-- qa.tests.Testcases1 -->
